<?xml version="1.0" encoding="UTF-8"?>
<!-- Generated by org.testng.reporters.JUnitReportReporter -->
<testsuite hostname="Ragul-44" failures="0" tests="2" name="com.testing.feature.Simple_Annotation" time="0.018" errors="0" timestamp="2021-10-08T14:24:25 IST" skipped="0">
  <testcase classname="com.testing.feature.Simple_Annotation" name="searchHeadset" time="0.016"/>
  <system-out/>
  <testcase classname="com.testing.feature.Simple_Annotation" name="searchMobiles" time="0.002"/>
  <system-out/>
</testsuite> <!-- com.testing.feature.Simple_Annotation -->
