<?xml version="1.0" encoding="UTF-8"?>
<!-- Generated by org.testng.reporters.JUnitReportReporter -->
<testsuite hostname="Ragul-44" failures="0" tests="2" name="com.testing.Parallel_Test" time="15.908" errors="0" timestamp="2021-10-14T13:50:36 IST" skipped="0">
  <testcase classname="com.testing.Parallel_Test" name="amazon" time="7.680"/>
  <system-out/>
  <testcase classname="com.testing.Parallel_Test" name="flipkart" time="8.228"/>
  <system-out/>
</testsuite> <!-- com.testing.Parallel_Test -->
