<?xml version="1.0" encoding="UTF-8"?>
<!-- Generated by org.testng.reporters.JUnitReportReporter -->
<testsuite hostname="Ragul-44" failures="0" tests="4" name="com.testng.feature.Group_Test" time="0.039" errors="0" timestamp="2021-10-12T14:35:37 IST" skipped="0">
  <testcase classname="com.testng.feature.Group_Test" name="git1" time="0.026"/>
  <system-out/>
  <testcase classname="com.testng.feature.Group_Test" name="git2" time="0.004"/>
  <system-out/>
  <testcase classname="com.testng.feature.Group_Test" name="selenium2" time="0.006"/>
  <system-out/>
  <testcase classname="com.testng.feature.Group_Test" name="selenium1" time="0.003"/>
  <system-out/>
</testsuite> <!-- com.testng.feature.Group_Test -->
