<?xml version="1.0" encoding="UTF-8"?>
<!-- Generated by org.testng.reporters.JUnitReportReporter -->
<testsuite hostname="Ragul-44" failures="0" tests="1" name="com.testng.feature.Exception_Test" time="0.007" errors="0" timestamp="2021-10-12T14:14:38 IST" skipped="0">
  <testcase classname="com.testng.feature.Exception_Test" name="test" time="0.007"/>
  <system-out/>
</testsuite> <!-- com.testng.feature.Exception_Test -->
