<?xml version="1.0" encoding="UTF-8"?>
<!-- Generated by org.testng.reporters.JUnitReportReporter -->
<testsuite hostname="Ragul-44" failures="0" tests="5" name="com.testng.feature.Priority_Test" time="0.016" errors="0" timestamp="2021-10-12T13:59:47 IST" skipped="0">
  <testcase classname="com.testng.feature.Priority_Test" name="searchBots" time="0.007"/>
  <system-out/>
  <testcase classname="com.testng.feature.Priority_Test" name="searchLaptop" time="0.004"/>
  <system-out/>
  <testcase classname="com.testng.feature.Priority_Test" name="searchAirpods" time="0.002"/>
  <system-out/>
  <testcase classname="com.testng.feature.Priority_Test" name="searchMobiles" time="0.001"/>
  <system-out/>
  <testcase classname="com.testng.feature.Priority_Test" name="searchWatch" time="0.002"/>
  <system-out/>
</testsuite> <!-- com.testng.feature.Priority_Test -->
