<?xml version="1.0" encoding="UTF-8"?>
<!-- Generated by org.testng.reporters.JUnitReportReporter -->
<testsuite hostname="Ragul-44" failures="0" tests="3" name="com.testng.feature.Parallel_Test" time="0.011" errors="0" timestamp="2021-10-12T14:10:25 IST" skipped="0">
  <testcase classname="com.testng.feature.Parallel_Test" name="searchFruits" time="0.008"/>
  <system-out/>
  <testcase classname="com.testng.feature.Parallel_Test" name="searchLaptops" time="0.001"/>
  <system-out/>
  <testcase classname="com.testng.feature.Parallel_Test" name="searchMobiles" time="0.002"/>
  <system-out/>
</testsuite> <!-- com.testng.feature.Parallel_Test -->
