<?xml version="1.0" encoding="UTF-8"?>
<!-- Generated by org.testng.reporters.JUnitReportReporter -->
<testsuite hostname="Ragul-44" failures="0" tests="1" name="Testng004.TestNG_Concept.Parameter_Test" time="0.020" errors="0" timestamp="2021-10-14T19:54:05 IST" skipped="0">
  <testcase classname="Testng004.TestNG_Concept.Parameter_Test" name="login" time="0.020"/>
  <system-out/>
</testsuite> <!-- Testng004.TestNG_Concept.Parameter_Test -->
