<?xml version="1.0" encoding="UTF-8"?>
<!-- Generated by org.testng.reporters.JUnitReportReporter -->
<testsuite hostname="Ragul-44" failures="0" tests="2" name="com.testing.feature.Ignore_Test" time="0.007" errors="0" timestamp="2021-10-12T13:48:08 IST" skipped="1">
  <testcase classname="com.testing.feature.Ignore_Test" name="searchAirpods" time="0.007"/>
  <system-out/>
  <testcase classname="com.testing.feature.Ignore_Test" name="searchHeadset">
    <skipped/>
  </testcase> <!-- searchHeadset -->
  <system-out/>
</testsuite> <!-- com.testing.feature.Ignore_Test -->
