<?xml version="1.0" encoding="UTF-8"?>
<!-- Generated by org.testng.reporters.JUnitReportReporter -->
<testsuite hostname="Ragul-44" failures="0" tests="3" name="com.testing.Data_Driven" time="0.012" errors="0" timestamp="2021-10-14T13:28:17 IST" skipped="0">
  <testcase classname="com.testing.Data_Driven" name="login" time="0.008"/>
  <system-out/>
  <testcase classname="com.testing.Data_Driven" name="login" time="0.002"/>
  <system-out/>
  <testcase classname="com.testing.Data_Driven" name="login" time="0.002"/>
  <system-out/>
</testsuite> <!-- com.testing.Data_Driven -->
